<?xml version="1.0" encoding="UTF-8"?>
<!-- Generated by org.testng.reporters.JUnitReportReporter -->
<testsuite hostname="DESKTOP-422QJLE" failures="0" tests="1" name="srilaxmi.srilaxmi.exxtentreports" time="81.278" errors="0" timestamp="2023-08-07T11:51:19 IST" skipped="0">
  <testcase classname="srilaxmi.srilaxmi.exxtentreports" name="test" time="81.278"/>
  <system-out/>
</testsuite> <!-- srilaxmi.srilaxmi.exxtentreports -->
