<?xml version="1.0" encoding="UTF-8"?>
<!-- Generated by org.testng.reporters.JUnitReportReporter -->
<testsuite hostname="DESKTOP-422QJLE" failures="0" tests="1" name="shopdemo.shopdemo.Extentreport" time="33.506" errors="0" timestamp="2023-08-07T15:07:59 IST" skipped="0">
  <testcase classname="shopdemo.shopdemo.Extentreport" name="test" time="33.506"/>
  <system-out/>
</testsuite> <!-- shopdemo.shopdemo.Extentreport -->
