<?xml version="1.0" encoding="UTF-8"?>
<!-- Generated by org.testng.reporters.JUnitReportReporter -->
<testsuite hostname="DESKTOP-422QJLE" failures="0" tests="1" name="srilaxmi.srilaxmi.shopping" time="0.000" errors="0" timestamp="2023-08-05T19:17:12 IST" skipped="1">
  <testcase classname="srilaxmi.srilaxmi.shopping" name="test1" time="0.000">
    <skipped/>
  </testcase> <!-- test1 -->
  <system-out/>
</testsuite> <!-- srilaxmi.srilaxmi.shopping -->
